Weather_Hybrid/Provider(Android)/app/build/outputs/logs/manifest-merger-debug-report.txt
-- Merging decision tree log ---
manifest
ADDED from src\main\AndroidManifest.xml:2:1-79:12
	package
		ADDED from src\main\AndroidManifest.xml:3:5-49
		INJECTED from src\main\AndroidManifest.xml
		INJECTED from src\main\AndroidManifest.xml
	android:versionName
		ADDED from src\main\AndroidManifest.xml:5:5-30
		INJECTED from src\main\AndroidManifest.xml
		INJECTED from src\main\AndroidManifest.xml
	android:versionCode
		ADDED from src\main\AndroidManifest.xml:4:5-28
		INJECTED from src\main\AndroidManifest.xml
		INJECTED from src\main\AndroidManifest.xml
	xmlns:android
		ADDED from src\main\AndroidManifest.xml:2:11-69
uses-sdk
ADDED from src\main\AndroidManifest.xml:7:5-9:41
MERGED from [com.android.support:appcompat-v7:23.1.1] AndroidManifest.xml:20:5-43
MERGED from [com.google.android.gms:play-services-location:8.4.0] AndroidManifest.xml:18:5-42
MERGED from [com.google.android.gms:play-services-maps:8.4.0] AndroidManifest.xml:26:5-42
MERGED from [com.google.android.gms:play-services-appindexing:8.4.0] AndroidManifest.xml:18:5-42
MERGED from [com.google.android.gms:play-services-base:8.4.0] AndroidManifest.xml:18:5-42
MERGED from [com.google.android.gms:play-services-basement:8.4.0] AndroidManifest.xml:18:5-42
MERGED from [com.android.support:support-v4:23.1.1] AndroidManifest.xml:20:5-43
	android:targetSdkVersion
		ADDED from src\main\AndroidManifest.xml:9:9-38
		INJECTED from src\main\AndroidManifest.xml
		INJECTED from src\main\AndroidManifest.xml
	android:minSdkVersion
		ADDED from src\main\AndroidManifest.xml:8:9-35
		INJECTED from src\main\AndroidManifest.xml
		INJECTED from src\main\AndroidManifest.xml
uses-permission#android.permission.BLUETOOTH
ADDED from src\main\AndroidManifest.xml:11:5-68
	android:name
		ADDED from src\main\AndroidManifest.xml:11:22-65
uses-permission#android.permission.BLUETOOTH_ADMIN
ADDED from src\main\AndroidManifest.xml:12:5-74
	android:name
		ADDED from src\main\AndroidManifest.xml:12:22-71
uses-permission#com.samsung.accessory.permission.ACCESSORY_FRAMEWORK
ADDED from src\main\AndroidManifest.xml:13:5-92
	android:name
		ADDED from src\main\AndroidManifest.xml:13:22-89
uses-permission#com.samsung.android.providers.context.permission.WRITE_USE_APP_FEATURE_SURVEY
ADDED from src\main\AndroidManifest.xml:14:5-117
	android:name
		ADDED from src\main\AndroidManifest.xml:14:22-114
uses-permission#com.samsung.wmanager.APP
ADDED from src\main\AndroidManifest.xml:15:5-64
	android:name
		ADDED from src\main\AndroidManifest.xml:15:22-61
uses-permission#com.samsung.WATCH_APP_TYPE.Companion
ADDED from src\main\AndroidManifest.xml:16:5-76
	android:name
		ADDED from src\main\AndroidManifest.xml:16:22-73
uses-permission#android.permission.WRITE_EXTERNAL_STORAGE
ADDED from src\main\AndroidManifest.xml:17:5-81
	android:name
		ADDED from src\main\AndroidManifest.xml:17:22-78
uses-permission#android.permission.READ_PHONE_STATE
ADDED from src\main\AndroidManifest.xml:18:5-75
	android:name
		ADDED from src\main\AndroidManifest.xml:18:22-72
uses-permission#android.permission.READ_EXTERNAL_STORAGE
ADDED from src\main\AndroidManifest.xml:19:5-80
	android:name
		ADDED from src\main\AndroidManifest.xml:19:22-77
uses-permission#android.permission.ACCESS_COARSE_LOCATION
ADDED from src\main\AndroidManifest.xml:20:5-81
	android:name
		ADDED from src\main\AndroidManifest.xml:20:22-78
uses-permission#android.permission.ACCESS_FINE_LOCATION
ADDED from src\main\AndroidManifest.xml:21:5-79
	android:name
		ADDED from src\main\AndroidManifest.xml:21:22-76
uses-permission#android.permission.INTERNET
ADDED from src\main\AndroidManifest.xml:22:5-66
MERGED from [com.google.android.gms:play-services-maps:8.4.0] AndroidManifest.xml:21:5-66
	android:name
		ADDED from src\main\AndroidManifest.xml:22:22-64
uses-permission#com.samsung.WATCH_APP_TYPE.Integrated
ADDED from src\main\AndroidManifest.xml:23:5-76
	android:name
		ADDED from src\main\AndroidManifest.xml:23:22-74
application
ADDED from src\main\AndroidManifest.xml:25:5-77:19
MERGED from [com.android.support:appcompat-v7:23.1.1] AndroidManifest.xml:22:5-20
MERGED from [com.google.android.gms:play-services-location:8.4.0] AndroidManifest.xml:19:5-20
MERGED from [com.google.android.gms:play-services-maps:8.4.0] AndroidManifest.xml:27:5-20
MERGED from [com.google.android.gms:play-services-appindexing:8.4.0] AndroidManifest.xml:19:5-20
MERGED from [com.google.android.gms:play-services-basement:8.4.0] AndroidManifest.xml:20:5-24:19
MERGED from [com.android.support:support-v4:23.1.1] AndroidManifest.xml:22:5-20
	android:label
		ADDED from src\main\AndroidManifest.xml:28:9-41
	android:allowBackup
		ADDED from src\main\AndroidManifest.xml:26:9-35
	android:icon
		ADDED from src\main\AndroidManifest.xml:27:9-36
service#com.anandtyagaraj.xpression.studio.WeatherProviderForWebApp
ADDED from src\main\AndroidManifest.xml:30:9-95
	android:name
		ADDED from src\main\AndroidManifest.xml:30:18-92
receiver#com.samsung.android.sdk.accessory.RegisterUponInstallReceiver
ADDED from src\main\AndroidManifest.xml:34:9-38:20
	android:name
		ADDED from src\main\AndroidManifest.xml:34:19-95
intent-filter#com.samsung.accessory.action.REGISTER_AGENT
ADDED from src\main\AndroidManifest.xml:35:13-37:29
action#com.samsung.accessory.action.REGISTER_AGENT
ADDED from src\main\AndroidManifest.xml:36:17-86
	android:name
		ADDED from src\main\AndroidManifest.xml:36:25-83
receiver#com.samsung.android.sdk.accessory.ServiceConnectionIndicationBroadcastReceiver
ADDED from src\main\AndroidManifest.xml:39:9-43:20
	android:name
		ADDED from src\main\AndroidManifest.xml:39:19-112
intent-filter#com.samsung.accessory.action.SERVICE_CONNECTION_REQUESTED
ADDED from src\main\AndroidManifest.xml:40:13-42:29
action#com.samsung.accessory.action.SERVICE_CONNECTION_REQUESTED
ADDED from src\main\AndroidManifest.xml:41:17-100
	android:name
		ADDED from src\main\AndroidManifest.xml:41:25-97
meta-data#AccessoryServicesLocation
ADDED from src\main\AndroidManifest.xml:45:9-47:62
	android:value
		ADDED from src\main\AndroidManifest.xml:47:13-59
	android:name
		ADDED from src\main\AndroidManifest.xml:46:13-53
meta-data#GearAppType
ADDED from src\main\AndroidManifest.xml:48:9-50:35
	android:value
		ADDED from src\main\AndroidManifest.xml:50:13-32
	android:name
		ADDED from src\main\AndroidManifest.xml:49:13-39
meta-data#com.samsung.android.health.permission.read
ADDED from src\main\AndroidManifest.xml:52:9-54:61
	android:value
		ADDED from src\main\AndroidManifest.xml:54:13-58
	android:name
		ADDED from src\main\AndroidManifest.xml:53:13-70
meta-data#master_app_name
ADDED from src\main\AndroidManifest.xml:58:9-80
	android:value
		ADDED from src\main\AndroidManifest.xml:58:51-77
	android:name
		ADDED from src\main\AndroidManifest.xml:58:20-50
meta-data#master_app_packagename
ADDED from src\main\AndroidManifest.xml:59:9-111
	android:value
		ADDED from src\main\AndroidManifest.xml:59:58-108
	android:name
		ADDED from src\main\AndroidManifest.xml:59:20-57
meta-data#master_app_samsungapps_deeplink
ADDED from src\main\AndroidManifest.xml:60:9-115
	android:value
		ADDED from src\main\AndroidManifest.xml:60:67-112
	android:name
		ADDED from src\main\AndroidManifest.xml:60:20-66
meta-data#master_app_playstore_deeplink
ADDED from src\main\AndroidManifest.xml:61:9-107
	android:value
		ADDED from src\main\AndroidManifest.xml:61:65-104
	android:name
		ADDED from src\main\AndroidManifest.xml:61:20-64
activity#com.anandtyagaraj.xpression.studio.ProviderActivity
ADDED from src\main\AndroidManifest.xml:63:9-72:20
	android:screenOrientation
		ADDED from src\main\AndroidManifest.xml:67:13-49
	android:label
		ADDED from src\main\AndroidManifest.xml:65:13-57
	android:launchMode
		ADDED from src\main\AndroidManifest.xml:66:13-44
	android:name
		ADDED from src\main\AndroidManifest.xml:64:13-79
intent-filter#android.intent.action.MAIN+android.intent.category.LAUNCHER
ADDED from src\main\AndroidManifest.xml:68:13-71:29
action#android.intent.action.MAIN
ADDED from src\main\AndroidManifest.xml:69:17-69
	android:name
		ADDED from src\main\AndroidManifest.xml:69:25-66
category#android.intent.category.LAUNCHER
ADDED from src\main\AndroidManifest.xml:70:17-77
	android:name
		ADDED from src\main\AndroidManifest.xml:70:27-74
meta-data#com.google.android.gms.version
ADDED from src\main\AndroidManifest.xml:74:9-76:69
MERGED from [com.google.android.gms:play-services-basement:8.4.0] AndroidManifest.xml:21:9-23:69
	android:value
		ADDED from src\main\AndroidManifest.xml:76:13-66
	android:name
		ADDED from src\main\AndroidManifest.xml:75:13-58
uses-permission#android.permission.ACCESS_NETWORK_STATE
ADDED from [com.google.android.gms:play-services-maps:8.4.0] AndroidManifest.xml:20:5-78
	android:name
		ADDED from [com.google.android.gms:play-services-maps:8.4.0] AndroidManifest.xml:20:22-76
uses-feature#0x00020000
ADDED from [com.google.android.gms:play-services-maps:8.4.0] AndroidManifest.xml:22:5-24:33
	android:glEsVersion
		ADDED from [com.google.android.gms:play-services-maps:8.4.0] AndroidManifest.xml:23:8-40
	android:required
		ADDED from [com.google.android.gms:play-services-maps:8.4.0] AndroidManifest.xml:24:8-31